<?xml version="1.0" encoding="UTF-8"?>
<!-- Generated by org.testng.reporters.JUnitXMLReporter -->
<testsuite hostname="sectrend" ignored="0" name="用户管理系统测试用例" tests="7" failures="0" timestamp="06 九月 2022 09:11:01 GMT" time="25.998" errors="0">
  <testcase name="loginTrue" time="0.666" classname="com.course.cases.LoginTest"/>
  <testcase name="loginFalse" time="0.041" classname="com.course.cases.LoginTest"/>
  <testcase name="addUser" time="5.065" classname="com.course.cases.AddUserTest"/>
  <testcase name="getUserInfo" time="0.034" classname="com.course.cases.GetUserInfoTest"/>
  <testcase name="updateUserInfo" time="10.052" classname="com.course.cases.UpdateUserInfoTest"/>
  <testcase name="deleteUser" time="10.06" classname="com.course.cases.UpdateUserInfoTest"/>
  <testcase name="getUserListInfo" time="0.054" classname="com.course.cases.GetUserInfoListTest"/>
</testsuite> <!-- 用户管理系统测试用例 -->
